<?xml version="1.0" encoding="UTF-8"?>
<!-- Generated by org.testng.reporters.JUnitXMLReporter -->
<testsuite ignored="1" hostname="DESKTOP-MUPOVES" failures="0" tests="1" name="Default test" time="26.91" errors="0" timestamp="2023-02-13T15:33:47 IST">
  <testcase classname="tests.LoginPageTest" name="verifyLogin" time="2.57"/>
  <testcase classname="tests.LoginPageTest" name="verifyInvalidLogin" time="0.0">
    <ignored/>
  </testcase> <!-- verifyInvalidLogin -->
</testsuite> <!-- Default test -->
